
2019-07-03 14:16:25,695 INFO main [class com.fengzhaung.seleniumdriver]info(line:45)查找元素超时By.xpath: /div/div/p
2019-07-03 14:16:54,297 INFO main [class com.fengzhaung.seleniumdriver]info(line:45)查找元素超时By.xpath: /div/div/p
2019-07-03 15:06:41,386 INFO main [class com.fengzhaung.seleniumdriver]info(line:45)查找元素超时By.xpath: //*[@id="app"]/div/div[1]/div[2]/div[2]/div[2]/button[2]
2019-07-03 15:07:37,314 INFO main [class com.fengzhaung.seleniumdriver]info(line:45)查找元素超时By.xpath: //*[@id="app"]/div/div[1]/div[2]/div[2]/div[2]/button[2]
2019-07-03 17:03:37,352 INFO main [class com.fengzhaung.seleniumdriver]info(line:45)查找元素超时By.xpath: //*[@id="app"]/div/div/div/div[1]/div[3]/div/div/div[2]/div[4]
2019-07-04 09:41:56,946 INFO main [class com.fengzhaung.seleniumdriver]info(line:45)新文件创建成功
2019-07-17 15:32:08,786 INFO main [class com.fengzhaung.seleniumdriver]info(line:45)查找元素超时By.xpath: //*[@id="app"]/div/div/div/div[1]/div[4]/div/div/div[2]/ul/li[1]/a/div[1]
2019-07-17 15:32:20,855 INFO main [class com.fengzhaung.seleniumdriver]info(line:45)查找元素超时By.xpath: //*[@id="app"]/div/div/div/div[1]/div[5]/div/div/div[2]/div/ul/li[1]/div[1]/div[3]
2019-07-17 15:32:32,908 INFO main [class com.fengzhaung.seleniumdriver]info(line:45)查找元素超时By.xpath: //*[@id="app"]/div/div/div/div[1]/div[6]/div/div/div[2]/div[4]
2019-07-17 15:32:45,123 INFO main [class com.fengzhaung.seleniumdriver]info(line:45)查找元素超时By.xpath: //*[@id="app"]/div/div/div/div[1]/div[8]/div/div/div/div[2]/div/div/div[4]
2019-07-17 16:04:06,707 INFO main [class com.fengzhaung.seleniumdriver]info(line:45)查找元素超时By.xpath: //*[@id="app"]/div/div/div/div[1]/div[1]/div/div/div[2]/div/div/div
2019-07-17 16:04:18,018 INFO main [class com.fengzhaung.seleniumdriver]info(line:45)查找元素超时By.xpath: //*[@id="app"]/div/div/div/div[1]/div[3]/div/div/div[2]/div[4]
2019-07-17 16:04:31,403 INFO main [class com.fengzhaung.seleniumdriver]info(line:45)查找元素超时By.xpath: //*[@id="app"]/div/div/div/div[1]/div[4]/div/div/div[2]/ul/li[1]/a/div[1]
2019-07-17 16:04:41,683 INFO main [class com.fengzhaung.seleniumdriver]info(line:45)查找元素超时By.xpath: //*[@id="app"]/div/div/div/div[1]/div[5]/div/div/div[2]/div/ul/li[1]/div[1]/div[3]
2019-07-17 16:04:51,949 INFO main [class com.fengzhaung.seleniumdriver]info(line:45)查找元素超时By.xpath: //*[@id="app"]/div/div/div/div[1]/div[6]/div/div/div[2]/div[4]
2019-07-17 16:05:02,311 INFO main [class com.fengzhaung.seleniumdriver]info(line:45)查找元素超时By.xpath: //*[@id="app"]/div/div/div/div[1]/div[8]/div/div/div/div[2]/div/div/div[4]
2019-07-26 09:16:24,661 INFO main [class com.fengzhaung.seleniumdriver]info(line:45)查找元素超时By.xpath: //*[@id="app"]/div/div/div/div[1]/div[3]/div/div/div[2]/div[4]
2019-07-26 09:16:38,379 INFO main [class com.fengzhaung.seleniumdriver]info(line:45)查找元素超时By.xpath: //*[@id="app"]/div/div/div/div[1]/div[4]/div/div/div[2]/ul/li[1]/a/div[1]
2019-07-26 09:16:51,530 INFO main [class com.fengzhaung.seleniumdriver]info(line:45)查找元素超时By.xpath: //*[@id="app"]/div/div/div/div[1]/div[5]/div/div/div[2]/div/ul/li[1]/div[1]/div[3]
2019-07-26 09:17:03,605 INFO main [class com.fengzhaung.seleniumdriver]info(line:45)查找元素超时By.xpath: //*[@id="app"]/div/div/div/div[1]/div[6]/div/div/div[2]/div[4]
2019-07-26 09:17:17,645 INFO main [class com.fengzhaung.seleniumdriver]info(line:45)查找元素超时By.xpath: //*[@id="app"]/div/div/div/div[1]/div[8]/div/div/div/div[2]/div/div/div[4]
2019-07-26 09:52:33,430 INFO main [class com.fengzhaung.seleniumdriver]info(line:45)查找元素超时By.xpath: //*[@id="app"]/div/div/div/div[2]/div
2019-07-26 10:05:29,312 ERROR main [class com.fengzhaung.seleniumdriver]error(line:48)浏览器输入有误
2019-07-26 10:05:29,493 INFO main [class com.fengzhaung.seleniumdriver]info(line:45)查找元素超时By.xpath: //*[@id="app"]/div/div/div/div[2]/div
2019-07-26 10:06:51,071 ERROR main [class com.fengzhaung.seleniumdriver]error(line:48)浏览器输入有误
2019-07-26 10:06:51,237 INFO main [class com.fengzhaung.seleniumdriver]info(line:45)查找元素超时By.xpath: //*[@id="app"]/div/div/div/div[2]/div
2019-07-26 10:07:31,933 INFO main [class com.fengzhaung.seleniumdriver]info(line:45)查找元素超时By.xpath: //*[@id="app"]/div/div/div/div[2]/div
2019-07-26 10:40:27,756 INFO main [class com.fengzhaung.seleniumdriver]info(line:45)查找元素超时By.xpath: //*[@id="app"]/div/div/div/div[2]/div
2019-07-26 15:11:06,489 INFO main [class com.fengzhaung.seleniumdriver]info(line:45)查找元素超时By.xpath: //*[@id="app"]/div/div/div/div[1]/div[2]/div/div/div[2]/div/div[2]/div
2019-07-26 15:12:05,406 INFO main [class com.fengzhaung.seleniumdriver]info(line:45)查找元素超时By.xpath: //*[@id="app"]/div/div/div/div[1]/div[6]/div/div/div[2]/div[4]
2019-07-26 15:12:17,596 INFO main [class com.fengzhaung.seleniumdriver]info(line:45)查找元素超时By.xpath: //*[@id="app"]/div/div/div/div[1]/div[8]/div/div/div/div[2]/div/div/div[4]
2019-07-26 15:12:29,782 INFO main [class com.fengzhaung.seleniumdriver]info(line:45)查找元素超时By.xpath: //*[@id="app"]/div/div/div/div/div[8]/div/div/div/div[3]/div/div/div[1]/div[4]/div[2]/span/a/p
2019-07-26 15:14:34,476 INFO main [class com.fengzhaung.seleniumdriver]info(line:45)查找元素超时By.xpath: //*[@id="app"]/div/div/div/div[1]/div[2]/div/div/div[2]/div/div[2]/div
